/home/kai/spl-compiler/testing/Tests/Test051.c: In function ‘main’:
/home/kai/spl-compiler/testing/Tests/Test051.c:6:5: error: two or more data types in declaration specifiers
 int int;
     ^~~
/home/kai/spl-compiler/testing/Tests/Test051.c:6:1: warning: useless type name in empty declaration
 int int;
 ^~~
/home/kai/spl-compiler/testing/Tests/Test051.c:7:5: error: expected identifier or ‘(’ before ‘=’ token
 int = 1;
     ^
